<?xml version="1.0" encoding="UTF-8"?>
<!-- Generated by org.testng.reporters.JUnitXMLReporter -->
<testsuite hostname="DESKTOP-L572LKQ" ignored="0" name="Command line test" tests="4" failures="0" timestamp="08 Nov 2019 16:49:50 GMT" time="0.061" errors="0">
  <testcase name="iosapp" time="0.011" classname="Qaclickacademy.appiumTest"/>
  <testcase name="mobileapp" time="0.0" classname="Qaclickacademy.appiumTest"/>
  <testcase name="Browserautomation" time="0.004" classname="Qaclickacademy.seleniumTest"/>
  <testcase name="elementsui" time="0.0" classname="Qaclickacademy.seleniumTest"/>
</testsuite> <!-- Command line test -->
