<?xml version="1.0" encoding="UTF-8"?>
<testng-results skipped="0" failed="0" total="2" passed="2">
  <reporter-output>
  </reporter-output>
  <suite name="Suite" duration-ms="96" started-at="2019-11-08T16:48:50Z" finished-at="2019-11-08T16:48:50Z">
    <groups>
    </groups>
    <test name="Test" duration-ms="96" started-at="2019-11-08T16:48:50Z" finished-at="2019-11-08T16:48:50Z">
      <class name="Qaclickacademy.seleniumTest">
        <test-method status="PASS" signature="Browserautomation()[pri:0, instance:Qaclickacademy.seleniumTest@5ba23b66]" name="Browserautomation" duration-ms="52" started-at="2019-11-08T10:48:50Z" finished-at="2019-11-08T10:48:50Z">
          <reporter-output>
          </reporter-output>
        </test-method> <!-- Browserautomation -->
        <test-method status="PASS" signature="elementsui()[pri:0, instance:Qaclickacademy.seleniumTest@5ba23b66]" name="elementsui" duration-ms="0" started-at="2019-11-08T10:48:50Z" finished-at="2019-11-08T10:48:50Z">
          <reporter-output>
          </reporter-output>
        </test-method> <!-- elementsui -->
      </class> <!-- Qaclickacademy.seleniumTest -->
    </test> <!-- Test -->
  </suite> <!-- Suite -->
</testng-results>
